<?xml version="1.0" encoding="UTF-8"?>
<coverage generated="1515252866059" clover="3.2.0">
  <project timestamp="1515252866059" name="All files">
    <metrics statements="41" coveredstatements="41" conditionals="18" coveredconditionals="18" methods="8" coveredmethods="8" elements="67" coveredelements="67" complexity="0" loc="41" ncloc="41" packages="2" files="3" classes="3">
      <package name="homework">
        <metrics statements="10" coveredstatements="10" conditionals="4" coveredconditionals="4" methods="2" coveredmethods="2"/>
        <file name="day4_1.js" path="/hard/study/homework/day4_1.js">
          <metrics statements="3" coveredstatements="3" conditionals="0" coveredconditionals="0" methods="1" coveredmethods="1"/>
          <line num="12" count="4" type="stmt"/>
          <line num="13" count="4" type="stmt"/>
          <line num="16" count="1" type="stmt"/>
        </file>
        <file name="day4_2.js" path="/hard/study/homework/day4_2.js">
          <metrics statements="7" coveredstatements="7" conditionals="4" coveredconditionals="4" methods="1" coveredmethods="1"/>
          <line num="4" count="1" type="stmt"/>
          <line num="5" count="5" type="cond" truecount="2" falsecount="0"/>
          <line num="6" count="5" type="stmt"/>
          <line num="8" count="5" type="stmt"/>
          <line num="9" count="18" type="cond" truecount="2" falsecount="0"/>
          <line num="10" count="5" type="stmt"/>
          <line num="13" count="5" type="stmt"/>
        </file>
      </package>
      <package name="src.lib">
        <metrics statements="31" coveredstatements="31" conditionals="14" coveredconditionals="14" methods="6" coveredmethods="6"/>
        <file name="math.js" path="/hard/study/src/lib/math.js">
          <metrics statements="31" coveredstatements="31" conditionals="14" coveredconditionals="14" methods="6" coveredmethods="6"/>
          <line num="1" count="1" type="stmt"/>
          <line num="3" count="4" type="stmt"/>
          <line num="4" count="4" type="stmt"/>
          <line num="7" count="3" type="cond" truecount="2" falsecount="0"/>
          <line num="8" count="3" type="stmt"/>
          <line num="9" count="3" type="stmt"/>
          <line num="10" count="13" type="cond" truecount="2" falsecount="0"/>
          <line num="11" count="2" type="stmt"/>
          <line num="14" count="3" type="stmt"/>
          <line num="17" count="5" type="cond" truecount="2" falsecount="0"/>
          <line num="18" count="5" type="stmt"/>
          <line num="19" count="5" type="stmt"/>
          <line num="20" count="18" type="cond" truecount="2" falsecount="0"/>
          <line num="21" count="5" type="stmt"/>
          <line num="24" count="5" type="stmt"/>
          <line num="27" count="3" type="stmt"/>
          <line num="28" count="3" type="stmt"/>
          <line num="29" count="20" type="cond" truecount="2" falsecount="0"/>
          <line num="30" count="10" type="stmt"/>
          <line num="33" count="3" type="stmt"/>
          <line num="36" count="2" type="stmt"/>
          <line num="37" count="2" type="stmt"/>
          <line num="38" count="10" type="cond" truecount="2" falsecount="0"/>
          <line num="39" count="5" type="stmt"/>
          <line num="43" count="2" type="stmt"/>
          <line num="46" count="2" type="stmt"/>
          <line num="47" count="2" type="stmt"/>
          <line num="48" count="10" type="cond" truecount="2" falsecount="0"/>
          <line num="49" count="7" type="stmt"/>
          <line num="52" count="2" type="stmt"/>
          <line num="56" count="1" type="stmt"/>
        </file>
      </package>
    </metrics>
  </project>
</coverage>
