{"/hard/study/homework/day4_1.js": {"path":"/hard/study/homework/day4_1.js","statementMap":{"0":{"start":{"line":12,"column":21},"end":{"line":12,"column":61}},"1":{"start":{"line":13,"column":2},"end":{"line":13,"column":45}},"2":{"start":{"line":16,"column":0},"end":{"line":16,"column":21}}},"fnMap":{"0":{"name":"sum","decl":{"start":{"line":5,"column":9},"end":{"line":5,"column":12}},"loc":{"start":{"line":5,"column":22},"end":{"line":14,"column":1}},"line":5}},"branchMap":{},"s":{"0":4,"1":4,"2":1},"f":{"0":4},"b":{},"_coverageSchema":"332fd63041d2c1bcb487cc26dd0d5f7d97098a6c","hash":"0ea1d91ada237636a17627a1ac965bdf039c0da9"}
,"/hard/study/homework/day4_2.js": {"path":"/hard/study/homework/day4_2.js","statementMap":{"0":{"start":{"line":4,"column":0},"end":{"line":14,"column":2}},"1":{"start":{"line":5,"column":14},"end":{"line":5,"column":48}},"2":{"start":{"line":6,"column":15},"end":{"line":6,"column":23}},"3":{"start":{"line":8,"column":2},"end":{"line":12,"column":3}},"4":{"start":{"line":9,"column":4},"end":{"line":11,"column":5}},"5":{"start":{"line":10,"column":6},"end":{"line":10,"column":24}},"6":{"start":{"line":13,"column":2},"end":{"line":13,"column":16}}},"fnMap":{"0":{"name":"max","decl":{"start":{"line":4,"column":26},"end":{"line":4,"column":29}},"loc":{"start":{"line":4,"column":39},"end":{"line":14,"column":1}},"line":4}},"branchMap":{"0":{"loc":{"start":{"line":5,"column":14},"end":{"line":5,"column":48}},"type":"cond-expr","locations":[{"start":{"line":5,"column":35},"end":{"line":5,"column":36}},{"start":{"line":5,"column":39},"end":{"line":5,"column":48}}],"line":5},"1":{"loc":{"start":{"line":9,"column":4},"end":{"line":11,"column":5}},"type":"if","locations":[{"start":{"line":9,"column":4},"end":{"line":11,"column":5}},{"start":{"line":9,"column":4},"end":{"line":11,"column":5}}],"line":9}},"s":{"0":1,"1":5,"2":5,"3":5,"4":18,"5":5,"6":5},"f":{"0":5},"b":{"0":[3,2],"1":[5,13]},"_coverageSchema":"332fd63041d2c1bcb487cc26dd0d5f7d97098a6c","hash":"366b5c1e85818ad4ac60007604c5b932dd65ee7e"}
,"/hard/study/src/lib/math.js": {"path":"/hard/study/src/lib/math.js","statementMap":{},"fnMap":{},"branchMap":{},"s":{},"f":{},"b":{},"_coverageSchema":"332fd63041d2c1bcb487cc26dd0d5f7d97098a6c","hash":"da813ed08e2b9c1f024106303242c3075d8b05e0"}
}
