{"/hard/study/homework/day4_1.js": {"path":"/hard/study/homework/day4_1.js","statementMap":{"0":{"start":{"line":12,"column":21},"end":{"line":12,"column":61}},"1":{"start":{"line":13,"column":2},"end":{"line":13,"column":45}},"2":{"start":{"line":16,"column":0},"end":{"line":16,"column":21}}},"fnMap":{"0":{"name":"sum","decl":{"start":{"line":5,"column":9},"end":{"line":5,"column":12}},"loc":{"start":{"line":5,"column":22},"end":{"line":14,"column":1}},"line":5}},"branchMap":{},"s":{"0":4,"1":4,"2":1},"f":{"0":4},"b":{},"_coverageSchema":"332fd63041d2c1bcb487cc26dd0d5f7d97098a6c","hash":"0ea1d91ada237636a17627a1ac965bdf039c0da9"}
,"/hard/study/homework/day4_2.js": {"path":"/hard/study/homework/day4_2.js","statementMap":{"0":{"start":{"line":4,"column":0},"end":{"line":14,"column":2}},"1":{"start":{"line":5,"column":14},"end":{"line":5,"column":48}},"2":{"start":{"line":6,"column":15},"end":{"line":6,"column":23}},"3":{"start":{"line":8,"column":2},"end":{"line":12,"column":3}},"4":{"start":{"line":9,"column":4},"end":{"line":11,"column":5}},"5":{"start":{"line":10,"column":6},"end":{"line":10,"column":24}},"6":{"start":{"line":13,"column":2},"end":{"line":13,"column":16}}},"fnMap":{"0":{"name":"max","decl":{"start":{"line":4,"column":26},"end":{"line":4,"column":29}},"loc":{"start":{"line":4,"column":39},"end":{"line":14,"column":1}},"line":4}},"branchMap":{"0":{"loc":{"start":{"line":5,"column":14},"end":{"line":5,"column":48}},"type":"cond-expr","locations":[{"start":{"line":5,"column":35},"end":{"line":5,"column":36}},{"start":{"line":5,"column":39},"end":{"line":5,"column":48}}],"line":5},"1":{"loc":{"start":{"line":9,"column":4},"end":{"line":11,"column":5}},"type":"if","locations":[{"start":{"line":9,"column":4},"end":{"line":11,"column":5}},{"start":{"line":9,"column":4},"end":{"line":11,"column":5}}],"line":9}},"s":{"0":1,"1":5,"2":5,"3":5,"4":18,"5":5,"6":5},"f":{"0":5},"b":{"0":[3,2],"1":[5,13]},"_coverageSchema":"332fd63041d2c1bcb487cc26dd0d5f7d97098a6c","hash":"366b5c1e85818ad4ac60007604c5b932dd65ee7e"}
,"/hard/study/src/lib/_.js": {"path":"/hard/study/src/lib/_.js","statementMap":{"0":{"start":{"line":1,"column":0},"end":{"line":11,"column":1}},"1":{"start":{"line":3,"column":14},"end":{"line":3,"column":20}},"2":{"start":{"line":4,"column":4},"end":{"line":8,"column":5}},"3":{"start":{"line":5,"column":6},"end":{"line":7,"column":7}},"4":{"start":{"line":6,"column":8},"end":{"line":6,"column":21}},"5":{"start":{"line":9,"column":4},"end":{"line":9,"column":15}}},"fnMap":{"0":{"name":"(anonymous_0)","decl":{"start":{"line":2,"column":8},"end":{"line":2,"column":9}},"loc":{"start":{"line":2,"column":31},"end":{"line":10,"column":3}},"line":2}},"branchMap":{"0":{"loc":{"start":{"line":5,"column":6},"end":{"line":7,"column":7}},"type":"if","locations":[{"start":{"line":5,"column":6},"end":{"line":7,"column":7}},{"start":{"line":5,"column":6},"end":{"line":7,"column":7}}],"line":5}},"s":{"0":1,"1":4,"2":4,"3":8,"4":4,"5":4},"f":{"0":4},"b":{"0":[4,4]},"_coverageSchema":"332fd63041d2c1bcb487cc26dd0d5f7d97098a6c","hash":"4d3f1e71f777a2efc53f079bdc735756faee55a6"}
,"/hard/study/src/lib/math.js": {"path":"/hard/study/src/lib/math.js","statementMap":{"0":{"start":{"line":1,"column":11},"end":{"line":54,"column":1}},"1":{"start":{"line":3,"column":23},"end":{"line":3,"column":63}},"2":{"start":{"line":4,"column":4},"end":{"line":4,"column":47}},"3":{"start":{"line":7,"column":16},"end":{"line":7,"column":50}},"4":{"start":{"line":8,"column":17},"end":{"line":8,"column":25}},"5":{"start":{"line":9,"column":4},"end":{"line":13,"column":5}},"6":{"start":{"line":10,"column":6},"end":{"line":12,"column":7}},"7":{"start":{"line":11,"column":8},"end":{"line":11,"column":26}},"8":{"start":{"line":14,"column":4},"end":{"line":14,"column":18}},"9":{"start":{"line":17,"column":16},"end":{"line":17,"column":50}},"10":{"start":{"line":18,"column":17},"end":{"line":18,"column":25}},"11":{"start":{"line":19,"column":4},"end":{"line":23,"column":5}},"12":{"start":{"line":20,"column":6},"end":{"line":22,"column":7}},"13":{"start":{"line":21,"column":8},"end":{"line":21,"column":26}},"14":{"start":{"line":24,"column":4},"end":{"line":24,"column":18}},"15":{"start":{"line":27,"column":17},"end":{"line":27,"column":18}},"16":{"start":{"line":28,"column":2},"end":{"line":32,"column":3}},"17":{"start":{"line":29,"column":3},"end":{"line":31,"column":4}},"18":{"start":{"line":30,"column":4},"end":{"line":30,"column":13}},"19":{"start":{"line":33,"column":2},"end":{"line":33,"column":16}},"20":{"start":{"line":36,"column":15},"end":{"line":36,"column":16}},"21":{"start":{"line":37,"column":2},"end":{"line":41,"column":3}},"22":{"start":{"line":38,"column":3},"end":{"line":40,"column":4}},"23":{"start":{"line":39,"column":4},"end":{"line":39,"column":21}},"24":{"start":{"line":42,"column":2},"end":{"line":42,"column":16}},"25":{"start":{"line":45,"column":15},"end":{"line":45,"column":16}},"26":{"start":{"line":46,"column":2},"end":{"line":50,"column":3}},"27":{"start":{"line":47,"column":3},"end":{"line":49,"column":4}},"28":{"start":{"line":48,"column":4},"end":{"line":48,"column":21}},"29":{"start":{"line":51,"column":2},"end":{"line":51,"column":16}},"30":{"start":{"line":55,"column":0},"end":{"line":55,"column":22}}},"fnMap":{"0":{"name":"(anonymous_0)","decl":{"start":{"line":2,"column":8},"end":{"line":2,"column":9}},"loc":{"start":{"line":2,"column":25},"end":{"line":5,"column":3}},"line":2},"1":{"name":"(anonymous_1)","decl":{"start":{"line":6,"column":8},"end":{"line":6,"column":9}},"loc":{"start":{"line":6,"column":25},"end":{"line":15,"column":3}},"line":6},"2":{"name":"(anonymous_2)","decl":{"start":{"line":16,"column":8},"end":{"line":16,"column":9}},"loc":{"start":{"line":16,"column":21},"end":{"line":25,"column":3}},"line":16},"3":{"name":"(anonymous_3)","decl":{"start":{"line":26,"column":11},"end":{"line":26,"column":12}},"loc":{"start":{"line":26,"column":32},"end":{"line":34,"column":2}},"line":26},"4":{"name":"(anonymous_4)","decl":{"start":{"line":35,"column":13},"end":{"line":35,"column":14}},"loc":{"start":{"line":35,"column":33},"end":{"line":43,"column":2}},"line":35},"5":{"name":"(anonymous_5)","decl":{"start":{"line":44,"column":14},"end":{"line":44,"column":15}},"loc":{"start":{"line":44,"column":34},"end":{"line":52,"column":2}},"line":44}},"branchMap":{"0":{"loc":{"start":{"line":7,"column":16},"end":{"line":7,"column":50}},"type":"cond-expr","locations":[{"start":{"line":7,"column":37},"end":{"line":7,"column":38}},{"start":{"line":7,"column":41},"end":{"line":7,"column":50}}],"line":7},"1":{"loc":{"start":{"line":10,"column":6},"end":{"line":12,"column":7}},"type":"if","locations":[{"start":{"line":10,"column":6},"end":{"line":12,"column":7}},{"start":{"line":10,"column":6},"end":{"line":12,"column":7}}],"line":10},"2":{"loc":{"start":{"line":17,"column":16},"end":{"line":17,"column":50}},"type":"cond-expr","locations":[{"start":{"line":17,"column":37},"end":{"line":17,"column":38}},{"start":{"line":17,"column":41},"end":{"line":17,"column":50}}],"line":17},"3":{"loc":{"start":{"line":20,"column":6},"end":{"line":22,"column":7}},"type":"if","locations":[{"start":{"line":20,"column":6},"end":{"line":22,"column":7}},{"start":{"line":20,"column":6},"end":{"line":22,"column":7}}],"line":20},"4":{"loc":{"start":{"line":29,"column":3},"end":{"line":31,"column":4}},"type":"if","locations":[{"start":{"line":29,"column":3},"end":{"line":31,"column":4}},{"start":{"line":29,"column":3},"end":{"line":31,"column":4}}],"line":29},"5":{"loc":{"start":{"line":38,"column":3},"end":{"line":40,"column":4}},"type":"if","locations":[{"start":{"line":38,"column":3},"end":{"line":40,"column":4}},{"start":{"line":38,"column":3},"end":{"line":40,"column":4}}],"line":38},"6":{"loc":{"start":{"line":47,"column":3},"end":{"line":49,"column":4}},"type":"if","locations":[{"start":{"line":47,"column":3},"end":{"line":49,"column":4}},{"start":{"line":47,"column":3},"end":{"line":49,"column":4}}],"line":47}},"s":{"0":1,"1":4,"2":4,"3":3,"4":3,"5":3,"6":13,"7":2,"8":3,"9":5,"10":5,"11":5,"12":18,"13":5,"14":5,"15":3,"16":3,"17":20,"18":10,"19":3,"20":2,"21":2,"22":10,"23":5,"24":2,"25":2,"26":2,"27":10,"28":7,"29":2,"30":1},"f":{"0":4,"1":3,"2":5,"3":3,"4":2,"5":2},"b":{"0":[2,1],"1":[2,11],"2":[3,2],"3":[5,13],"4":[10,10],"5":[5,5],"6":[7,3]},"_coverageSchema":"332fd63041d2c1bcb487cc26dd0d5f7d97098a6c","hash":"90b0a5eae3e1fbea15a23fe956889ca57e7f0950"}
}
