TN:
SF:/hard/study/homework/day4_1.js
FN:5,sum
FNF:1
FNH:1
FNDA:4,sum
DA:12,4
DA:13,4
DA:16,1
LF:3
LH:3
BRF:0
BRH:0
end_of_record
TN:
SF:/hard/study/homework/day4_2.js
FN:4,max
FNF:1
FNH:1
FNDA:5,max
DA:4,1
DA:5,5
DA:6,5
DA:8,5
DA:9,18
DA:10,5
DA:13,5
LF:7
LH:7
BRDA:5,0,0,3
BRDA:5,0,1,2
BRDA:9,1,0,5
BRDA:9,1,1,13
BRF:4
BRH:4
end_of_record
TN:
SF:/hard/study/src/lib/_.js
FN:2,(anonymous_0)
FNF:1
FNH:1
FNDA:4,(anonymous_0)
DA:1,1
DA:3,4
DA:4,4
DA:5,8
DA:6,4
DA:9,4
LF:6
LH:6
BRDA:5,0,0,4
BRDA:5,0,1,4
BRF:2
BRH:2
end_of_record
TN:
SF:/hard/study/src/lib/math.js
FN:2,(anonymous_0)
FN:6,(anonymous_1)
FN:16,(anonymous_2)
FN:26,(anonymous_3)
FN:35,(anonymous_4)
FN:45,(anonymous_5)
FNF:6
FNH:6
FNDA:4,(anonymous_0)
FNDA:3,(anonymous_1)
FNDA:5,(anonymous_2)
FNDA:3,(anonymous_3)
FNDA:2,(anonymous_4)
FNDA:2,(anonymous_5)
DA:1,1
DA:3,4
DA:4,4
DA:7,3
DA:8,3
DA:9,3
DA:10,13
DA:11,2
DA:14,3
DA:17,5
DA:18,5
DA:19,5
DA:20,18
DA:21,5
DA:24,5
DA:27,3
DA:28,3
DA:29,20
DA:30,10
DA:33,3
DA:36,2
DA:37,2
DA:38,10
DA:39,5
DA:43,2
DA:46,2
DA:47,2
DA:48,10
DA:49,7
DA:52,2
DA:56,1
LF:31
LH:31
BRDA:7,0,0,2
BRDA:7,0,1,1
BRDA:10,1,0,2
BRDA:10,1,1,11
BRDA:17,2,0,3
BRDA:17,2,1,2
BRDA:20,3,0,5
BRDA:20,3,1,13
BRDA:29,4,0,10
BRDA:29,4,1,10
BRDA:38,5,0,5
BRDA:38,5,1,5
BRDA:48,6,0,7
BRDA:48,6,1,3
BRF:14
BRH:14
end_of_record
